  Math.cpp
  Delanuay.cpp
  mesh.cpp
  PlanetData.cpp
  Sample3DSceneRenderer.cpp
  Voronoi.cpp
e:\my works\planetgen\planetgen\content\math.cpp(103): warning C4244: =: преобразование "double" в "float", возможна потеря данных
e:\my works\planetgen\planetgen\content\math.cpp(105): warning C4244: =: преобразование "double" в "float", возможна потеря данных
e:\my works\planetgen\planetgen\content\math.cpp(107): warning C4305: =: усечение из "double" в "float"
e:\my works\planetgen\planetgen\content\math.cpp(109): warning C4305: =: усечение из "double" в "float"
e:\my works\planetgen\planetgen\content\sample3dscenerenderer.h(12): warning C4305: инициализация: усечение из "double" в "float" (компилируется исходный файл Content\Sample3DSceneRenderer.cpp)
e:\my works\planetgen\planetgen\mesh.cpp(9): warning C4244: инициализация: преобразование "double" в "float", возможна потеря данных
e:\my works\planetgen\planetgen\mesh.cpp(10): warning C4244: инициализация: преобразование "double" в "float", возможна потеря данных
e:\my works\planetgen\planetgen\content\plates.h(6): error C2871: VoronoiData: пространство имен с таким именем не существует (компилируется исходный файл PlanetData.cpp)
e:\my works\planetgen\planetgen\delanuay.cpp(11): warning C4267: аргумент: преобразование из "size_t" в "int"; возможна потеря данных
e:\my works\planetgen\planetgen\content\planetdata.h(6): error C2871: VoronoiData: пространство имен с таким именем не существует (компилируется исходный файл PlanetData.cpp)
e:\my works\planetgen\planetgen\mesh.cpp(66): warning C4267: инициализация: преобразование из "size_t" в "int"; возможна потеря данных
e:\my works\planetgen\planetgen\voronoi.cpp(29): error C2664: "bool compareF(const float,const float,const float)": невозможно преобразовать аргумент 1 из "Vector3" в "const float"
  e:\my works\planetgen\planetgen\voronoi.cpp(29): note: Для выполнения данного преобразования нет доступного оператора преобразования, определенного пользователем, или вызов оператора невозможен
e:\my works\planetgen\planetgen\voronoi.cpp(30): error C2059: синтаксическая ошибка: }
e:\my works\planetgen\planetgen\mesh.cpp(96): warning C4267: инициализация: преобразование из "size_t" в "int"; возможна потеря данных
e:\my works\planetgen\planetgen\delanuay.cpp(129): warning C4244: инициализация: преобразование "float" в "int", возможна потеря данных
e:\my works\planetgen\planetgen\mesh.cpp(141): warning C4267: инициализация: преобразование из "size_t" в "int"; возможна потеря данных
e:\my works\planetgen\planetgen\delanuay.cpp(172): warning C4305: инициализация: усечение из "double" в "float"
e:\my works\planetgen\planetgen\delanuay.cpp(191): warning C4244: инициализация: преобразование "float" в "int", возможна потеря данных
e:\my works\planetgen\planetgen\mesh.cpp(175): warning C4267: =: преобразование из "size_t" в "int"; возможна потеря данных
e:\my works\planetgen\planetgen\delanuay.cpp(196): warning C4244: аргумент: преобразование "float" в "const unsigned __int64", возможна потеря данных
e:\my works\planetgen\planetgen\delanuay.cpp(198): warning C4172: возвращение адреса локальной или временной переменной : result
e:\my works\planetgen\planetgen\content\sample3dscenerenderer.cpp(126): warning C4244: аргумент: преобразование "double" в "float", возможна потеря данных
